<?xml version="1.0" encoding="UTF-8"?>
<testsuite name="main.UserManagerTest" tests="2" skipped="0" failures="0" errors="0" timestamp="2024-11-06T23:24:59" hostname="DESKTOP-HRH8VKH" time="0.141">
  <properties/>
  <testcase name="createUser_withUnusedEmail_createsUserSuccessfully()" classname="main.UserManagerTest" time="0.135"/>
  <testcase name="createUser_withEmailInUse_throwsUserExistsException()" classname="main.UserManagerTest" time="0.006"/>
  <system-out><![CDATA[]]></system-out>
  <system-err><![CDATA[]]></system-err>
</testsuite>
